[2026-01-05 14:09:16] ============================================================
[2026-01-05 14:09:16] CNN-Transformer Final Training and Evaluation
[2026-01-05 14:09:16] ============================================================
[2026-01-05 14:09:16] 🚀 QUICK MODE (1% data, 1 epoch)
[2026-01-05 14:09:16] Using FULL mode hyperparameters
[2026-01-05 14:09:16] Hyperparameters: {'sequence_length': 39, 'conv_filters': 32, 'kernel_size': 3, 'nhead': 4, 'd_model': 32, 'num_encoder_layers': 1, 'dim_feedforward': 128, 'dropout': 0.23972907111136696, 'learning_rate': 0.0024057445341724394, 'batch_size': 32}
[2026-01-05 14:09:16] ============================================================
[2026-01-05 14:09:19] ✓ Using device: cuda
[2026-01-05 14:09:33] ✓ Train: (864000, 57)
[2026-01-05 14:09:33] ✓ Val: (432000, 57)
[2026-01-05 14:09:33] ✓ Test: (2880000, 57)
[2026-01-05 14:09:33] ✓ Data loading time: 14.55s
[2026-01-05 14:09:33] ✓ Number of features: 52
[2026-01-05 14:09:33] ✓ Subsampled train to 1.0%: (8640, 57)
[2026-01-05 14:09:33] ✓ Subsampled val to 1.0%: (4320, 57)
[2026-01-05 14:09:33] ✓ Number of classes: 18
[2026-01-05 14:09:34] ✓ Model and dataset classes defined
[2026-01-05 14:09:44] ✓ Train dataset: 7956 windows
[2026-01-05 14:09:44] ✓ Val dataset: 3978 windows
[2026-01-05 14:09:44] ✓ Test dataset: 2743200 windows
[2026-01-05 14:09:44] ✓ Dataset creation time: 10.93s
[2026-01-05 14:09:46] Training for up to 1 epochs with patience 1...
[2026-01-05 14:09:48] Epoch 1/1: Train Loss = 0.681332, Val Loss = 2.589301
[2026-01-05 14:09:48] ✓ Best epoch: 1 (val_loss = 2.589301)
[2026-01-05 14:11:34] ✓ Saved confusion matrix to ../outputs/figures/cnn_transformer_confusion_matrix_quick.png
[2026-01-05 14:11:35] ✓ Saved metrics to ../outputs/metrics/cnn_transformer_metrics_quick.json
[2026-01-05 14:11:35] ✓ Saved model to ../outputs/models/cnn_transformer_final_quick.pt
[2026-01-05 14:11:35] ✓ Saved confusion matrix to ../outputs/metrics/cnn_transformer_confusion_matrix_quick.csv
[2026-01-05 14:11:35] ✓ CNN-Transformer Final Training Complete! (QUICK MODE)
[2026-01-05 14:11:35] Total runtime: 2m 18s
[2026-01-05 14:11:35] Best epoch: 1
[2026-01-05 14:11:35] Test Accuracy: 0.5339
[2026-01-05 14:11:35] Test F1 (weighted): 0.4629
