[2026-01-05 14:22:46] ============================================================
[2026-01-05 14:22:46] CNN-Transformer Final Training and Evaluation
[2026-01-05 14:22:46] ============================================================
[2026-01-05 14:22:46] 🔬 FULL MODE (100% data, up to 100 epochs)
[2026-01-05 14:22:46] Using FULL mode hyperparameters
[2026-01-05 14:22:46] Hyperparameters: {'sequence_length': 39, 'conv_filters': 32, 'kernel_size': 3, 'nhead': 4, 'd_model': 32, 'num_encoder_layers': 1, 'dim_feedforward': 128, 'dropout': 0.23972907111136696, 'learning_rate': 0.0024057445341724394, 'batch_size': 32}
[2026-01-05 14:22:46] ============================================================
[2026-01-05 14:22:50] ✓ Using device: cuda
[2026-01-05 14:23:05] ✓ Train: (864000, 57)
[2026-01-05 14:23:05] ✓ Val: (432000, 57)
[2026-01-05 14:23:05] ✓ Test: (2880000, 57)
[2026-01-05 14:23:05] ✓ Data loading time: 14.71s
[2026-01-05 14:23:05] ✓ Number of features: 52
[2026-01-05 14:23:05] ✓ Number of classes: 18
[2026-01-05 14:23:05] ✓ Model and dataset classes defined
[2026-01-05 14:23:25] ✓ Train dataset: 795600 windows
[2026-01-05 14:23:25] ✓ Val dataset: 397800 windows
[2026-01-05 14:23:25] ✓ Test dataset: 2743200 windows
[2026-01-05 14:23:25] ✓ Dataset creation time: 19.01s
[2026-01-05 14:23:26] Training for up to 100 epochs with patience 10...
[2026-01-05 14:25:48] Epoch 1/100: Train Loss = 0.097165, Val Loss = 0.045244
[2026-01-05 14:35:12] Epoch 5/100: Train Loss = 0.032966, Val Loss = 0.037507
[2026-01-05 14:46:19] Epoch 10/100: Train Loss = 0.030091, Val Loss = 0.042089
[2026-01-05 14:56:41] Epoch 15/100: Train Loss = 0.029731, Val Loss = 0.039365
[2026-01-05 15:09:21] Epoch 20/100: Train Loss = 0.029033, Val Loss = 0.041844
[2026-01-05 15:27:20] Epoch 25/100: Train Loss = 0.028389, Val Loss = 0.047294
[2026-01-05 15:30:58] Early stopping at epoch 26
[2026-01-05 15:30:58] ✓ Best epoch: 16 (val_loss = 0.037230)
[2026-01-05 15:32:46] ✓ Saved confusion matrix to ../outputs/figures/cnn_transformer_confusion_matrix.png
[2026-01-05 15:32:46] ✓ Saved metrics to ../outputs/metrics/cnn_transformer_metrics.json
[2026-01-05 15:32:46] ✓ Saved model to ../outputs/models/cnn_transformer_final.pt
[2026-01-05 15:32:46] ✓ Saved confusion matrix to ../outputs/metrics/cnn_transformer_confusion_matrix.csv
[2026-01-05 15:32:46] ✓ CNN-Transformer Final Training Complete! 
[2026-01-05 15:32:46] Total runtime: 69m 59s
[2026-01-05 15:32:46] Best epoch: 16
[2026-01-05 15:32:46] Test Accuracy: 0.9920
[2026-01-05 15:32:46] Test F1 (weighted): 0.9920
