[2026-01-05 14:05:42] ============================================================
[2026-01-05 14:05:42] LSTM Final Training and Evaluation
[2026-01-05 14:05:42] ============================================================
[2026-01-05 14:05:42] 🚀 QUICK MODE (1% data, 1 epoch)
[2026-01-05 14:05:42] Using FULL mode hyperparameters
[2026-01-05 14:05:42] Hyperparameters: {'sequence_length': 39, 'hidden_size': 32, 'num_layers': 3, 'dropout': 0.06622554527615829, 'learning_rate': 0.0019564132225734407, 'batch_size': 32}
[2026-01-05 14:05:42] ============================================================
[2026-01-05 14:05:45] ✓ Using device: cuda
[2026-01-05 14:06:00] ✓ Train: (864000, 57)
[2026-01-05 14:06:00] ✓ Val: (432000, 57)
[2026-01-05 14:06:00] ✓ Test: (2880000, 57)
[2026-01-05 14:06:00] ✓ Data loading time: 15.89s
[2026-01-05 14:06:00] ✓ Number of features: 52
[2026-01-05 14:06:01] ✓ Subsampled train to 1.0%: (8640, 57)
[2026-01-05 14:06:01] ✓ Subsampled val to 1.0%: (4320, 57)
[2026-01-05 14:06:01] ✓ Number of classes: 18
[2026-01-05 14:06:01] ✓ Model and dataset classes defined
[2026-01-05 14:06:11] ✓ Train dataset: 7956 windows
[2026-01-05 14:06:11] ✓ Val dataset: 3978 windows
[2026-01-05 14:06:11] ✓ Test dataset: 2743200 windows
[2026-01-05 14:06:11] ✓ Dataset creation time: 10.72s
[2026-01-05 14:06:12] Training for up to 1 epochs with patience 1...
[2026-01-05 14:06:14] Epoch 1/1: Train Loss = 1.462472, Val Loss = 3.053288
[2026-01-05 14:06:14] ✓ Best epoch: 1 (val_loss = 3.053288)
[2026-01-05 14:07:22] ✓ Saved confusion matrix to ../outputs/figures/lstm_confusion_matrix_quick.png
[2026-01-05 14:07:22] ✓ Saved metrics to ../outputs/metrics/lstm_metrics_quick.json
[2026-01-05 14:07:22] ✓ Saved model to ../outputs/models/lstm_final_quick.pt
[2026-01-05 14:07:22] ✓ Saved confusion matrix to ../outputs/metrics/lstm_confusion_matrix_quick.csv
[2026-01-05 14:07:22] ✓ LSTM Final Training Complete! (QUICK MODE)
[2026-01-05 14:07:22] Total runtime: 1m 40s
[2026-01-05 14:07:22] Best epoch: 1
[2026-01-05 14:07:22] Test Accuracy: 0.3198
[2026-01-05 14:07:22] Test F1 (weighted): 0.2452
