[2026-01-05 14:22:47] ============================================================
[2026-01-05 14:22:47] LSTM Final Training and Evaluation
[2026-01-05 14:22:47] ============================================================
[2026-01-05 14:22:47] 🔬 FULL MODE (100% data, up to 100 epochs)
[2026-01-05 14:22:47] Using FULL mode hyperparameters
[2026-01-05 14:22:47] Hyperparameters: {'sequence_length': 39, 'hidden_size': 32, 'num_layers': 3, 'dropout': 0.06622554527615829, 'learning_rate': 0.0019564132225734407, 'batch_size': 32}
[2026-01-05 14:22:47] ============================================================
[2026-01-05 14:22:50] ✓ Using device: cuda
[2026-01-05 14:23:05] ✓ Train: (864000, 57)
[2026-01-05 14:23:05] ✓ Val: (432000, 57)
[2026-01-05 14:23:05] ✓ Test: (2880000, 57)
[2026-01-05 14:23:05] ✓ Data loading time: 14.84s
[2026-01-05 14:23:05] ✓ Number of features: 52
[2026-01-05 14:23:06] ✓ Number of classes: 18
[2026-01-05 14:23:06] ✓ Model and dataset classes defined
[2026-01-05 14:23:24] ✓ Train dataset: 795600 windows
[2026-01-05 14:23:24] ✓ Val dataset: 397800 windows
[2026-01-05 14:23:24] ✓ Test dataset: 2743200 windows
[2026-01-05 14:23:24] ✓ Dataset creation time: 18.45s
[2026-01-05 14:23:25] Training for up to 100 epochs with patience 10...
[2026-01-05 14:25:11] Epoch 1/100: Train Loss = 0.126098, Val Loss = 0.035729
[2026-01-05 14:32:00] Epoch 5/100: Train Loss = 0.013694, Val Loss = 0.052514
[2026-01-05 14:40:15] Epoch 10/100: Train Loss = 0.007614, Val Loss = 0.066971
[2026-01-05 14:43:29] Early stopping at epoch 12
[2026-01-05 14:43:29] ✓ Best epoch: 2 (val_loss = 0.033598)
[2026-01-05 14:45:01] ✓ Saved confusion matrix to ../outputs/figures/lstm_confusion_matrix.png
[2026-01-05 14:45:02] ✓ Saved metrics to ../outputs/metrics/lstm_metrics.json
[2026-01-05 14:45:02] ✓ Saved model to ../outputs/models/lstm_final.pt
[2026-01-05 14:45:02] ✓ Saved confusion matrix to ../outputs/metrics/lstm_confusion_matrix.csv
[2026-01-05 14:45:02] ✓ LSTM Final Training Complete! 
[2026-01-05 14:45:02] Total runtime: 22m 15s
[2026-01-05 14:45:02] Best epoch: 2
[2026-01-05 14:45:02] Test Accuracy: 0.9914
[2026-01-05 14:45:02] Test F1 (weighted): 0.9914
