[2026-01-05 14:11:41] ============================================================
[2026-01-05 14:11:41] TransKal Final Training and Evaluation
[2026-01-05 14:11:41] ============================================================
[2026-01-05 14:11:41] 🚀 QUICK MODE (1% data, 1 epoch)
[2026-01-05 14:11:41] Using FULL mode hyperparameters
[2026-01-05 14:11:41] Hyperparameters: {'sequence_length': 40, 'nhead': 4, 'd_model': 32, 'num_layers': 2, 'dropout': 0.19500665626358132, 'learning_rate': 0.0004276034493703387, 'batch_size': 64, 'kalman_Q': 5.0369063680311206e-05, 'kalman_R': 0.022250707355345557}
[2026-01-05 14:11:41] ============================================================
[2026-01-05 14:11:44] ✓ Using device: cuda
[2026-01-05 14:12:00] ✓ Train: (864000, 57)
[2026-01-05 14:12:00] ✓ Val: (432000, 57)
[2026-01-05 14:12:00] ✓ Test: (2880000, 57)
[2026-01-05 14:12:00] ✓ Data loading time: 16.62s
[2026-01-05 14:12:00] ✓ Number of features: 52
[2026-01-05 14:12:00] ✓ Subsampled train to 1.0%: (8640, 57)
[2026-01-05 14:12:00] ✓ Subsampled val to 1.0%: (4320, 57)
[2026-01-05 14:12:00] ✓ Number of classes: 18
[2026-01-05 14:12:00] ✓ Model and dataset classes defined
[2026-01-05 14:12:11] ✓ Train dataset: 7938 windows
[2026-01-05 14:12:11] ✓ Val dataset: 3969 windows
[2026-01-05 14:12:11] ✓ Test dataset: 2739600 windows
[2026-01-05 14:12:11] ✓ Dataset creation time: 11.21s
[2026-01-05 14:12:13] Training for up to 1 epochs with patience 1...
[2026-01-05 14:12:15] Epoch 1/1: Train Loss = 2.030644, Val Loss = 2.533457
[2026-01-05 14:12:15] ✓ Best epoch: 1 (val_loss = 2.533457)
[2026-01-05 14:18:14] ✓ Saved confusion matrix to ../outputs/figures/transkal_confusion_matrix_quick.png
[2026-01-05 14:18:15] ✓ Saved metrics to ../outputs/metrics/transkal_metrics_quick.json
[2026-01-05 14:18:15] ✓ Saved model to ../outputs/models/transkal_final_quick.pt
[2026-01-05 14:18:15] ✓ Saved confusion matrix to ../outputs/metrics/transkal_confusion_matrix_quick.csv
[2026-01-05 14:18:15] ✓ TransKal Final Training Complete! (QUICK MODE)
[2026-01-05 14:18:15] Total runtime: 6m 34s
[2026-01-05 14:18:15] Best epoch: 1
[2026-01-05 14:18:15] Test Accuracy: 0.3213
[2026-01-05 14:18:15] Test F1 (weighted): 0.2354
