[2026-01-05 14:04:58] ============================================================
[2026-01-05 14:04:58] XGBoost Final Training and Evaluation
[2026-01-05 14:04:58] ============================================================
[2026-01-05 14:04:58] 🚀 QUICK MODE (1% data, tuned hyperparameters)
[2026-01-05 14:04:58] Using FULL mode hyperparameters
[2026-01-05 14:04:58] Hyperparameters: {'n_estimators': 499, 'max_depth': 6, 'learning_rate': 0.19577281917580747, 'subsample': 0.9669001079522812, 'colsample_bytree': 0.8412714911551206, 'min_child_weight': 8, 'gamma': 0.5635598310188895, 'reg_alpha': 0.3293109960325205, 'reg_lambda': 0.06309550078956783}
[2026-01-05 14:04:58] ============================================================
[2026-01-05 14:04:58] [Step 1/5] Loading libraries...
[2026-01-05 14:04:59] ✓ Imports successful
[2026-01-05 14:04:59] [Step 2/5] Loading datasets...
[2026-01-05 14:05:15] ✓ Train: (864000, 57)
[2026-01-05 14:05:15] ✓ Val: (432000, 57)
[2026-01-05 14:05:15] ✓ Test: (2880000, 57)
[2026-01-05 14:05:15] ✓ Data loading time: 15.26s
[2026-01-05 14:05:15] [Step 3/5] Preparing features and labels...
[2026-01-05 14:05:15] ✓ Number of features: 52
[2026-01-05 14:05:15] ✓ Subsampled train to 1.0%: (8640, 57)
[2026-01-05 14:05:15] ✓ Subsampled val to 1.0%: (4320, 57)
[2026-01-05 14:05:15] ✓ Standardizing features (fit on train only)...
[2026-01-05 14:05:15] ✓ Number of classes: 18
[2026-01-05 14:05:15] [Step 4/5] Training model with early stopping on validation set...
[2026-01-05 14:05:31] ✓ Training complete in 15.32s
[2026-01-05 14:05:31] ✓ Best iteration: 79
[2026-01-05 14:05:31] [Step 5/5] Evaluating on test set...
[2026-01-05 14:05:33] ============================================================
[2026-01-05 14:05:33] TEST SET RESULTS (QUICK MODE)
[2026-01-05 14:05:33] ============================================================
[2026-01-05 14:05:33] Accuracy:          0.8655 (86.55%)
[2026-01-05 14:05:33] Balanced Accuracy: 0.8655
[2026-01-05 14:05:33] F1 (weighted):     0.8687
[2026-01-05 14:05:33] F1 (macro):        0.8687
[2026-01-05 14:05:33] Precision:         0.8765
[2026-01-05 14:05:33] Recall:            0.8655
[2026-01-05 14:05:33] ============================================================
[2026-01-05 14:05:37] ✓ Saved metrics to ../outputs/metrics/xgboost_metrics_quick.json
[2026-01-05 14:05:37] ✓ Saved model to ../outputs/models/xgboost_final_quick.pkl
[2026-01-05 14:05:37] ✓ Saved confusion matrix
[2026-01-05 14:05:37] ============================================================
[2026-01-05 14:05:37] ✓ XGBoost Final Training Complete!
[2026-01-05 14:05:37] Total runtime: 0m 39s
[2026-01-05 14:05:37] Test Accuracy: 0.8655, F1: 0.8687
[2026-01-05 14:05:37] ============================================================
