[2026-01-05 14:22:46] ============================================================
[2026-01-05 14:22:46] XGBoost Final Training and Evaluation
[2026-01-05 14:22:46] ============================================================
[2026-01-05 14:22:46] 🔬 FULL MODE (100% data, tuned hyperparameters)
[2026-01-05 14:22:46] Using FULL mode hyperparameters
[2026-01-05 14:22:46] Hyperparameters: {'n_estimators': 499, 'max_depth': 6, 'learning_rate': 0.19577281917580747, 'subsample': 0.9669001079522812, 'colsample_bytree': 0.8412714911551206, 'min_child_weight': 8, 'gamma': 0.5635598310188895, 'reg_alpha': 0.3293109960325205, 'reg_lambda': 0.06309550078956783}
[2026-01-05 14:22:46] ============================================================
[2026-01-05 14:22:46] [Step 1/5] Loading libraries...
[2026-01-05 14:22:48] ✓ Imports successful
[2026-01-05 14:22:48] [Step 2/5] Loading datasets...
[2026-01-05 14:23:03] ✓ Train: (864000, 57)
[2026-01-05 14:23:03] ✓ Val: (432000, 57)
[2026-01-05 14:23:03] ✓ Test: (2880000, 57)
[2026-01-05 14:23:03] ✓ Data loading time: 14.77s
[2026-01-05 14:23:03] [Step 3/5] Preparing features and labels...
[2026-01-05 14:23:03] ✓ Number of features: 52
[2026-01-05 14:23:03] ✓ Standardizing features (fit on train only)...
[2026-01-05 14:23:04] ✓ Number of classes: 18
[2026-01-05 14:23:04] [Step 4/5] Training model with early stopping on validation set...
[2026-01-05 15:03:03] ✓ Training complete in 2399.47s
[2026-01-05 15:03:03] ✓ Best iteration: 498
[2026-01-05 15:03:03] [Step 5/5] Evaluating on test set...
[2026-01-05 15:03:14] ============================================================
[2026-01-05 15:03:14] TEST SET RESULTS 
[2026-01-05 15:03:14] ============================================================
[2026-01-05 15:03:14] Accuracy:          0.9391 (93.91%)
[2026-01-05 15:03:14] Balanced Accuracy: 0.9391
[2026-01-05 15:03:14] F1 (weighted):     0.9416
[2026-01-05 15:03:14] F1 (macro):        0.9416
[2026-01-05 15:03:14] Precision:         0.9484
[2026-01-05 15:03:14] Recall:            0.9391
[2026-01-05 15:03:14] ============================================================
[2026-01-05 15:03:19] ✓ Saved metrics to ../outputs/metrics/xgboost_metrics.json
[2026-01-05 15:03:19] ✓ Saved model to ../outputs/models/xgboost_final.pkl
[2026-01-05 15:03:19] ✓ Saved confusion matrix
[2026-01-05 15:03:19] ============================================================
[2026-01-05 15:03:19] ✓ XGBoost Final Training Complete!
[2026-01-05 15:03:19] Total runtime: 40m 32s
[2026-01-05 15:03:19] Test Accuracy: 0.9391, F1: 0.9416
[2026-01-05 15:03:19] ============================================================
